<?xml version='1.0' encoding='UTF-8'?>
<testsuite hostname="WX-5CG7476JCR" name="com.lightbend.training.coffeehouse.GuestSpec" tests="5" errors="0" failures="0" skipped="0" time="0.248" timestamp="2020-04-15T07:59:21">
                     <properties>
[...]
</properties>
                     <testcase classname="com.lightbend.training.coffeehouse.GuestSpec" name="Sending CoffeeServed to Guest should result in increasing the coffeeCount and log a status message at info" time="0.006">
                                                 
                                               </testcase><testcase classname="com.lightbend.training.coffeehouse.GuestSpec" name="Sending CoffeeServed to Guest should result in sending ServeCoffee to Waiter after finishCoffeeDuration" time="0.113">
                                                 
                                               </testcase><testcase classname="com.lightbend.training.coffeehouse.GuestSpec" name="Sending CoffeeServed to Guest should result in sending Complaint to Waiter for a wrong coffee" time="0.014">
                                                 
                                               </testcase><testcase classname="com.lightbend.training.coffeehouse.GuestSpec" name="Sending CoffeeFinished to Guest should result in sending ServeCoffee to Waiter" time="0.011">
                                                 
                                               </testcase><testcase classname="com.lightbend.training.coffeehouse.GuestSpec" name="Sending CoffeeFinished to Guest should result in a CaffeineException if caffeineLimit exceeded" time="0.104">
                                                 
                                               </testcase>
                     <system-out><![CDATA[]]></system-out>
                     <system-err><![CDATA[]]></system-err>
                   </testsuite>